f:\graficas_computacionales\gci plantilla 1.2\gci plantilla 1.2\gci plantilla1.0\debug\vc143.pdb
f:\graficas_computacionales\gci plantilla 1.2\gci plantilla 1.2\gci plantilla1.0\debug\vc143.idb
f:\graficas_computacionales\gci plantilla 1.2\gci plantilla 1.2\gci plantilla1.0\debug\triangle.obj
f:\graficas_computacionales\gci plantilla 1.2\gci plantilla 1.2\gci plantilla1.0\debug\timerclass.obj
f:\graficas_computacionales\gci plantilla 1.2\gci plantilla 1.2\gci plantilla1.0\debug\textureloaderforopengl.obj
f:\graficas_computacionales\gci plantilla 1.2\gci plantilla 1.2\gci plantilla1.0\debug\shader.obj
f:\graficas_computacionales\gci plantilla 1.2\gci plantilla 1.2\gci plantilla1.0\debug\scene.obj
f:\graficas_computacionales\gci plantilla 1.2\gci plantilla 1.2\gci plantilla1.0\debug\openglclass.obj
f:\graficas_computacionales\gci plantilla 1.2\gci plantilla 1.2\gci plantilla1.0\debug\model.obj
f:\graficas_computacionales\gci plantilla 1.2\gci plantilla 1.2\gci plantilla1.0\debug\main.obj
f:\graficas_computacionales\gci plantilla 1.2\gci plantilla 1.2\gci plantilla1.0\debug\lightclass.obj
f:\graficas_computacionales\gci plantilla 1.2\gci plantilla 1.2\gci plantilla1.0\debug\inputclass.obj
f:\graficas_computacionales\gci plantilla 1.2\gci plantilla 1.2\gci plantilla1.0\debug\gamelogic.obj
f:\graficas_computacionales\gci plantilla 1.2\gci plantilla 1.2\gci plantilla1.0\debug\gameobject.obj
f:\graficas_computacionales\gci plantilla 1.2\gci plantilla 1.2\gci plantilla1.0\debug\cameraclass.obj
f:\graficas_computacionales\gci plantilla 1.2\gci plantilla 1.2\gci plantilla1.0\debug\gamepad.obj
d:\documentos\fcfm\ad2023\gc1\soluciones\gci plantilla 1.2\gci plantilla 1.2\debug\gci plantilla 1.0.lib
d:\documentos\fcfm\ad2023\gc1\soluciones\gci plantilla 1.2\gci plantilla 1.2\debug\gci plantilla 1.0.exp
c:\users\gamal\onedrive\documentos\academia\graficas computacionales i version 2\plantilla proyecto final\gci plantilla 1.1\gci plantilla 1.0\debug\gci plantilla 1.0.lib
c:\users\gamal\onedrive\documentos\academia\graficas computacionales i version 2\plantilla proyecto final\gci plantilla 1.1\gci plantilla 1.0\debug\gci plantilla 1.0.exp
f:\graficas_computacionales\gci plantilla 1.2\gci plantilla 1.2\debug\gci plantilla 1.0.lib
f:\graficas_computacionales\gci plantilla 1.2\gci plantilla 1.2\debug\gci plantilla 1.0.exp
f:\graficas_computacionales\gci plantilla 1.2\gci plantilla 1.2\debug\gci plantilla 1.0.exe
f:\graficas_computacionales\gci plantilla 1.2\gci plantilla 1.2\gci plantilla1.0\debug\gci plantilla 1.0.ilk
f:\graficas_computacionales\gci plantilla 1.2\gci plantilla 1.2\debug\gci plantilla 1.0.pdb
f:\graficas_computacionales\gci plantilla 1.2\gci plantilla 1.2\gci plantilla1.0\debug\vc142.idb
f:\graficas_computacionales\gci plantilla 1.2\gci plantilla 1.2\gci plantilla1.0\debug\vc142.pdb
f:\graficas_computacionales\gci plantilla 1.2\gci plantilla 1.2\gci plantilla1.0\debug\gci plan.dccd4ade.tlog\cl.command.1.tlog
f:\graficas_computacionales\gci plantilla 1.2\gci plantilla 1.2\gci plantilla1.0\debug\gci plan.dccd4ade.tlog\cl.items.tlog
f:\graficas_computacionales\gci plantilla 1.2\gci plantilla 1.2\gci plantilla1.0\debug\gci plan.dccd4ade.tlog\cl.read.1.tlog
f:\graficas_computacionales\gci plantilla 1.2\gci plantilla 1.2\gci plantilla1.0\debug\gci plan.dccd4ade.tlog\cl.write.1.tlog
f:\graficas_computacionales\gci plantilla 1.2\gci plantilla 1.2\gci plantilla1.0\debug\gci plan.dccd4ade.tlog\gci plantilla 1.0.write.1u.tlog
f:\graficas_computacionales\gci plantilla 1.2\gci plantilla 1.2\gci plantilla1.0\debug\gci plan.dccd4ade.tlog\link.command.1.tlog
f:\graficas_computacionales\gci plantilla 1.2\gci plantilla 1.2\gci plantilla1.0\debug\gci plan.dccd4ade.tlog\link.read.1.tlog
f:\graficas_computacionales\gci plantilla 1.2\gci plantilla 1.2\gci plantilla1.0\debug\gci plan.dccd4ade.tlog\link.write.1.tlog
f:\graficas_computacionales\gci plantilla 1.2\gci plantilla 1.2\gci plantilla1.0\debug\gci plan.dccd4ade.tlog\link.write.2u.tlog
