  cameraclass.cpp
F:\GRAFICAS_COMPUTACIONALES\GCI Plantilla 1.2\GCI Plantilla 1.2\GCI Plantilla1.0\cameraclass.cpp(154,15): warning C4244: '=': conversion from 'double' to 'float', possible loss of data
F:\GRAFICAS_COMPUTACIONALES\GCI Plantilla 1.2\GCI Plantilla 1.2\GCI Plantilla1.0\cameraclass.cpp(163,15): warning C4244: '=': conversion from 'double' to 'float', possible loss of data
  GameObject.cpp
F:\GRAFICAS_COMPUTACIONALES\GCI Plantilla 1.2\GCI Plantilla 1.2\GCI Plantilla1.0\gdipload.h(45,29): warning C4018: '<': signed/unsigned mismatch
F:\GRAFICAS_COMPUTACIONALES\GCI Plantilla 1.2\GCI Plantilla 1.2\GCI Plantilla1.0\GameObject.cpp(51,22): warning C4474: 'printf' : too many arguments passed for format string
F:\GRAFICAS_COMPUTACIONALES\GCI Plantilla 1.2\GCI Plantilla 1.2\GCI Plantilla1.0\GameObject.cpp(51,22): message : placeholders and their parameters expect 0 variadic arguments, but 1 were provided
  GameLogic.cpp
F:\GRAFICAS_COMPUTACIONALES\GCI Plantilla 1.2\GCI Plantilla 1.2\GCI Plantilla1.0\Imagenes.h(61,26): warning C4101: 'e': unreferenced local variable
F:\GRAFICAS_COMPUTACIONALES\GCI Plantilla 1.2\GCI Plantilla 1.2\GCI Plantilla1.0\Imagenes.h(80,28): warning C4101: 'e': unreferenced local variable
F:\GRAFICAS_COMPUTACIONALES\GCI Plantilla 1.2\GCI Plantilla 1.2\GCI Plantilla1.0\Geometrias.h(56,126): warning C4244: '=': conversion from 'double' to 'float', possible loss of data
F:\GRAFICAS_COMPUTACIONALES\GCI Plantilla 1.2\GCI Plantilla 1.2\GCI Plantilla1.0\Geometrias.h(58,40): warning C4244: '=': conversion from 'double' to 'float', possible loss of data
F:\GRAFICAS_COMPUTACIONALES\GCI Plantilla 1.2\GCI Plantilla 1.2\GCI Plantilla1.0\Geometrias.h(59,126): warning C4244: '=': conversion from 'double' to 'float', possible loss of data
F:\GRAFICAS_COMPUTACIONALES\GCI Plantilla 1.2\GCI Plantilla 1.2\GCI Plantilla1.0\Geometrias.h(62,119): warning C4244: '=': conversion from 'double' to 'float', possible loss of data
F:\GRAFICAS_COMPUTACIONALES\GCI Plantilla 1.2\GCI Plantilla 1.2\GCI Plantilla1.0\Geometrias.h(64,38): warning C4244: '=': conversion from 'double' to 'float', possible loss of data
F:\GRAFICAS_COMPUTACIONALES\GCI Plantilla 1.2\GCI Plantilla 1.2\GCI Plantilla1.0\Geometrias.h(65,119): warning C4244: '=': conversion from 'double' to 'float', possible loss of data
F:\GRAFICAS_COMPUTACIONALES\GCI Plantilla 1.2\GCI Plantilla 1.2\GCI Plantilla1.0\Geometrias.h(215,55): warning C4244: '=': conversion from 'double' to 'float', possible loss of data
F:\GRAFICAS_COMPUTACIONALES\GCI Plantilla 1.2\GCI Plantilla 1.2\GCI Plantilla1.0\Geometrias.h(216,74): warning C4244: '=': conversion from 'double' to 'float', possible loss of data
F:\GRAFICAS_COMPUTACIONALES\GCI Plantilla 1.2\GCI Plantilla 1.2\GCI Plantilla1.0\Geometrias.h(217,55): warning C4244: '=': conversion from 'double' to 'float', possible loss of data
F:\GRAFICAS_COMPUTACIONALES\GCI Plantilla 1.2\GCI Plantilla 1.2\GCI Plantilla1.0\gdipload.h(45,29): warning C4018: '<': signed/unsigned mismatch
F:\GRAFICAS_COMPUTACIONALES\GCI Plantilla 1.2\GCI Plantilla 1.2\GCI Plantilla1.0\GameLogic.cpp(43,7): warning C4101: 'result': unreferenced local variable
  inputclass.cpp
F:\GRAFICAS_COMPUTACIONALES\GCI Plantilla 1.2\GCI Plantilla 1.2\GCI Plantilla1.0\inputclass.cpp(56,10): warning C4101: 'result': unreferenced local variable
F:\GRAFICAS_COMPUTACIONALES\GCI Plantilla 1.2\GCI Plantilla 1.2\GCI Plantilla1.0\inputclass.cpp(69,10): warning C4101: 'result': unreferenced local variable
  lightclass.cpp
  main.cpp
F:\GRAFICAS_COMPUTACIONALES\GCI Plantilla 1.2\GCI Plantilla 1.2\GCI Plantilla1.0\Imagenes.h(61,26): warning C4101: 'e': unreferenced local variable
F:\GRAFICAS_COMPUTACIONALES\GCI Plantilla 1.2\GCI Plantilla 1.2\GCI Plantilla1.0\Imagenes.h(80,28): warning C4101: 'e': unreferenced local variable
F:\GRAFICAS_COMPUTACIONALES\GCI Plantilla 1.2\GCI Plantilla 1.2\GCI Plantilla1.0\Geometrias.h(56,126): warning C4244: '=': conversion from 'double' to 'float', possible loss of data
F:\GRAFICAS_COMPUTACIONALES\GCI Plantilla 1.2\GCI Plantilla 1.2\GCI Plantilla1.0\Geometrias.h(58,40): warning C4244: '=': conversion from 'double' to 'float', possible loss of data
F:\GRAFICAS_COMPUTACIONALES\GCI Plantilla 1.2\GCI Plantilla 1.2\GCI Plantilla1.0\Geometrias.h(59,126): warning C4244: '=': conversion from 'double' to 'float', possible loss of data
F:\GRAFICAS_COMPUTACIONALES\GCI Plantilla 1.2\GCI Plantilla 1.2\GCI Plantilla1.0\Geometrias.h(62,119): warning C4244: '=': conversion from 'double' to 'float', possible loss of data
F:\GRAFICAS_COMPUTACIONALES\GCI Plantilla 1.2\GCI Plantilla 1.2\GCI Plantilla1.0\Geometrias.h(64,38): warning C4244: '=': conversion from 'double' to 'float', possible loss of data
F:\GRAFICAS_COMPUTACIONALES\GCI Plantilla 1.2\GCI Plantilla 1.2\GCI Plantilla1.0\Geometrias.h(65,119): warning C4244: '=': conversion from 'double' to 'float', possible loss of data
F:\GRAFICAS_COMPUTACIONALES\GCI Plantilla 1.2\GCI Plantilla 1.2\GCI Plantilla1.0\Geometrias.h(215,55): warning C4244: '=': conversion from 'double' to 'float', possible loss of data
F:\GRAFICAS_COMPUTACIONALES\GCI Plantilla 1.2\GCI Plantilla 1.2\GCI Plantilla1.0\Geometrias.h(216,74): warning C4244: '=': conversion from 'double' to 'float', possible loss of data
F:\GRAFICAS_COMPUTACIONALES\GCI Plantilla 1.2\GCI Plantilla 1.2\GCI Plantilla1.0\Geometrias.h(217,55): warning C4244: '=': conversion from 'double' to 'float', possible loss of data
F:\GRAFICAS_COMPUTACIONALES\GCI Plantilla 1.2\GCI Plantilla 1.2\GCI Plantilla1.0\gdipload.h(45,29): warning C4018: '<': signed/unsigned mismatch
  Model.cpp
F:\GRAFICAS_COMPUTACIONALES\GCI Plantilla 1.2\GCI Plantilla 1.2\GCI Plantilla1.0\gdipload.h(45,29): warning C4018: '<': signed/unsigned mismatch
F:\GRAFICAS_COMPUTACIONALES\GCI Plantilla 1.2\GCI Plantilla 1.2\GCI Plantilla1.0\Model.cpp(110,10): warning C4101: 'result': unreferenced local variable
F:\GRAFICAS_COMPUTACIONALES\GCI Plantilla 1.2\GCI Plantilla 1.2\GCI Plantilla1.0\Model.cpp(236,22): warning C4474: 'printf' : too many arguments passed for format string
F:\GRAFICAS_COMPUTACIONALES\GCI Plantilla 1.2\GCI Plantilla 1.2\GCI Plantilla1.0\Model.cpp(236,22): message : placeholders and their parameters expect 0 variadic arguments, but 1 were provided
F:\GRAFICAS_COMPUTACIONALES\GCI Plantilla 1.2\GCI Plantilla 1.2\GCI Plantilla1.0\Model.cpp(449,14): warning C4101: 'in': unreferenced local variable
F:\GRAFICAS_COMPUTACIONALES\GCI Plantilla 1.2\GCI Plantilla 1.2\GCI Plantilla1.0\Model.cpp(663,7): warning C4101: 'result': unreferenced local variable
F:\GRAFICAS_COMPUTACIONALES\GCI Plantilla 1.2\GCI Plantilla 1.2\GCI Plantilla1.0\Model.cpp(665,14): warning C4101: 'in': unreferenced local variable
F:\GRAFICAS_COMPUTACIONALES\GCI Plantilla 1.2\GCI Plantilla 1.2\GCI Plantilla1.0\Model.cpp(692,7): warning C4101: 'input': unreferenced local variable
F:\GRAFICAS_COMPUTACIONALES\GCI Plantilla 1.2\GCI Plantilla 1.2\GCI Plantilla1.0\Model.cpp(747,16): warning C4018: '<': signed/unsigned mismatch
F:\GRAFICAS_COMPUTACIONALES\GCI Plantilla 1.2\GCI Plantilla 1.2\GCI Plantilla1.0\Model.cpp(839,32): warning C4101: 'normal': unreferenced local variable
  openglclass.cpp
F:\GRAFICAS_COMPUTACIONALES\GCI Plantilla 1.2\GCI Plantilla 1.2\GCI Plantilla1.0\openglclass.cpp(585,20): warning C4244: '=': conversion from 'double' to 'float', possible loss of data
F:\GRAFICAS_COMPUTACIONALES\GCI Plantilla 1.2\GCI Plantilla 1.2\GCI Plantilla1.0\openglclass.cpp(591,20): warning C4244: '=': conversion from 'double' to 'float', possible loss of data
  Scene.cpp
F:\GRAFICAS_COMPUTACIONALES\GCI Plantilla 1.2\GCI Plantilla 1.2\GCI Plantilla1.0\Imagenes.h(61,26): warning C4101: 'e': unreferenced local variable
F:\GRAFICAS_COMPUTACIONALES\GCI Plantilla 1.2\GCI Plantilla 1.2\GCI Plantilla1.0\Imagenes.h(80,28): warning C4101: 'e': unreferenced local variable
F:\GRAFICAS_COMPUTACIONALES\GCI Plantilla 1.2\GCI Plantilla 1.2\GCI Plantilla1.0\Geometrias.h(56,126): warning C4244: '=': conversion from 'double' to 'float', possible loss of data
F:\GRAFICAS_COMPUTACIONALES\GCI Plantilla 1.2\GCI Plantilla 1.2\GCI Plantilla1.0\Geometrias.h(58,40): warning C4244: '=': conversion from 'double' to 'float', possible loss of data
F:\GRAFICAS_COMPUTACIONALES\GCI Plantilla 1.2\GCI Plantilla 1.2\GCI Plantilla1.0\Geometrias.h(59,126): warning C4244: '=': conversion from 'double' to 'float', possible loss of data
F:\GRAFICAS_COMPUTACIONALES\GCI Plantilla 1.2\GCI Plantilla 1.2\GCI Plantilla1.0\Geometrias.h(62,119): warning C4244: '=': conversion from 'double' to 'float', possible loss of data
F:\GRAFICAS_COMPUTACIONALES\GCI Plantilla 1.2\GCI Plantilla 1.2\GCI Plantilla1.0\Geometrias.h(64,38): warning C4244: '=': conversion from 'double' to 'float', possible loss of data
F:\GRAFICAS_COMPUTACIONALES\GCI Plantilla 1.2\GCI Plantilla 1.2\GCI Plantilla1.0\Geometrias.h(65,119): warning C4244: '=': conversion from 'double' to 'float', possible loss of data
F:\GRAFICAS_COMPUTACIONALES\GCI Plantilla 1.2\GCI Plantilla 1.2\GCI Plantilla1.0\Geometrias.h(215,55): warning C4244: '=': conversion from 'double' to 'float', possible loss of data
F:\GRAFICAS_COMPUTACIONALES\GCI Plantilla 1.2\GCI Plantilla 1.2\GCI Plantilla1.0\Geometrias.h(216,74): warning C4244: '=': conversion from 'double' to 'float', possible loss of data
F:\GRAFICAS_COMPUTACIONALES\GCI Plantilla 1.2\GCI Plantilla 1.2\GCI Plantilla1.0\Geometrias.h(217,55): warning C4244: '=': conversion from 'double' to 'float', possible loss of data
F:\GRAFICAS_COMPUTACIONALES\GCI Plantilla 1.2\GCI Plantilla 1.2\GCI Plantilla1.0\gdipload.h(45,29): warning C4018: '<': signed/unsigned mismatch
F:\GRAFICAS_COMPUTACIONALES\GCI Plantilla 1.2\GCI Plantilla 1.2\GCI Plantilla1.0\Scene.cpp(241,25): warning C4244: 'argument': conversion from 'double' to 'float', possible loss of data
F:\GRAFICAS_COMPUTACIONALES\GCI Plantilla 1.2\GCI Plantilla 1.2\GCI Plantilla1.0\Scene.cpp(242,25): warning C4244: 'argument': conversion from 'double' to 'float', possible loss of data
F:\GRAFICAS_COMPUTACIONALES\GCI Plantilla 1.2\GCI Plantilla 1.2\GCI Plantilla1.0\Scene.cpp(245,25): warning C4244: 'argument': conversion from 'double' to 'float', possible loss of data
F:\GRAFICAS_COMPUTACIONALES\GCI Plantilla 1.2\GCI Plantilla 1.2\GCI Plantilla1.0\Scene.cpp(246,25): warning C4244: 'argument': conversion from 'double' to 'float', possible loss of data
  Shader.cpp
D:\VisualStudio\IDE\VC\Tools\MSVC\14.37.32822\include\xstring(2728,53): warning C4244: 'argument': conversion from 'wchar_t' to 'const _Elem', possible loss of data
          with
          [
              _Elem=char
          ]
D:\VisualStudio\IDE\VC\Tools\MSVC\14.37.32822\include\xstring(2584,17): message : see reference to function template instantiation 'void std::basic_string<char,std::char_traits<char>,std::allocator<char>>::_Construct_from_iter<wchar_t*,wchar_t*,_Size_type>(_Iter,const _Sent,_Size)' being compiled
          with
          [
              _Size_type=unsigned int,
              _Iter=wchar_t *,
              _Sent=wchar_t *,
              _Size=unsigned int
          ]
F:\GRAFICAS_COMPUTACIONALES\GCI Plantilla 1.2\GCI Plantilla 1.2\GCI Plantilla1.0\Shader.cpp(281,26): message : see reference to function template instantiation 'std::basic_string<char,std::char_traits<char>,std::allocator<char>>::basic_string<std::_String_iterator<std::_String_val<std::_Simple_types<_Elem>>>,0>(_Iter,_Iter,const _Alloc &)' being compiled
          with
          [
              _Elem=wchar_t,
              _Iter=std::_String_iterator<std::_String_val<std::_Simple_types<wchar_t>>>,
              _Alloc=std::allocator<char>
          ]
F:\GRAFICAS_COMPUTACIONALES\GCI Plantilla 1.2\GCI Plantilla 1.2\GCI Plantilla1.0\Shader.cpp(281,26): message : see the first reference to 'std::basic_string<char,std::char_traits<char>,std::allocator<char>>::basic_string' in 'Shader::OutputShaderErrorMessage'
  TextureLoaderForOpenGL.cpp
F:\GRAFICAS_COMPUTACIONALES\GCI Plantilla 1.2\GCI Plantilla 1.2\GCI Plantilla1.0\gdipload.h(45,29): warning C4018: '<': signed/unsigned mismatch
F:\GRAFICAS_COMPUTACIONALES\GCI Plantilla 1.2\GCI Plantilla 1.2\GCI Plantilla1.0\TextureLoaderForOpenGL.cpp(196,39): warning C4474: 'printf' : too many arguments passed for format string
F:\GRAFICAS_COMPUTACIONALES\GCI Plantilla 1.2\GCI Plantilla 1.2\GCI Plantilla1.0\TextureLoaderForOpenGL.cpp(196,39): message : placeholders and their parameters expect 0 variadic arguments, but 1 were provided
F:\GRAFICAS_COMPUTACIONALES\GCI Plantilla 1.2\GCI Plantilla 1.2\GCI Plantilla1.0\TextureLoaderForOpenGL.cpp(270,39): warning C4474: 'printf' : too many arguments passed for format string
F:\GRAFICAS_COMPUTACIONALES\GCI Plantilla 1.2\GCI Plantilla 1.2\GCI Plantilla1.0\TextureLoaderForOpenGL.cpp(270,39): message : placeholders and their parameters expect 0 variadic arguments, but 1 were provided
F:\GRAFICAS_COMPUTACIONALES\GCI Plantilla 1.2\GCI Plantilla 1.2\GCI Plantilla1.0\TextureLoaderForOpenGL.cpp(303,39): warning C4474: 'printf' : too many arguments passed for format string
F:\GRAFICAS_COMPUTACIONALES\GCI Plantilla 1.2\GCI Plantilla 1.2\GCI Plantilla1.0\TextureLoaderForOpenGL.cpp(303,39): message : placeholders and their parameters expect 0 variadic arguments, but 1 were provided
  timerclass.cpp
  Triangle.cpp
  Generating Code...
F:\GRAFICAS_COMPUTACIONALES\GCI Plantilla 1.2\GCI Plantilla 1.2\GCI Plantilla1.0\Model.cpp(73): warning C4715: 'Model::Initialize': not all control paths return a value
F:\GRAFICAS_COMPUTACIONALES\GCI Plantilla 1.2\GCI Plantilla 1.2\GCI Plantilla1.0\Model.cpp(98): warning C4715: 'Model::Initialize': not all control paths return a value
  gamepad.c
     Creating library F:\GRAFICAS_COMPUTACIONALES\GCI Plantilla 1.2\GCI Plantilla 1.2\Debug\GCI Plantilla 1.0.lib and object F:\GRAFICAS_COMPUTACIONALES\GCI Plantilla 1.2\GCI Plantilla 1.2\Debug\GCI Plantilla 1.0.exp
LINK : warning LNK4217: symbol '_GamepadInit' defined in 'gamepad.obj' is imported by 'inputclass.obj' in function '"public: bool __thiscall InputClass::InitializeWithMouse(int,int)" (?InitializeWithMouse@InputClass@@QAE_NHH@Z)'
LINK : warning LNK4217: symbol '_GamepadShutdown' defined in 'gamepad.obj' is imported by 'inputclass.obj' in function '"public: void __thiscall InputClass::Shutdown(void)" (?Shutdown@InputClass@@QAEXXZ)'
LINK : warning LNK4217: symbol '_GamepadUpdate' defined in 'gamepad.obj' is imported by 'inputclass.obj' in function '"private: void __thiscall InputClass::ReadControllerXBOX(enum GAMEPAD_DEVICE)" (?ReadControllerXBOX@InputClass@@AAEXW4GAMEPAD_DEVICE@@@Z)'
LINK : warning LNK4217: symbol '_GamepadIsConnected' defined in 'gamepad.obj' is imported by 'inputclass.obj' in function '"public: bool __thiscall InputClass::GetKeyDownXbox(enum KeyBoard::XBOX_Button)" (?GetKeyDownXbox@InputClass@@QAE_NW4XBOX_Button@KeyBoard@@@Z)'
LINK : warning LNK4217: symbol '_GamepadButtonDown' defined in 'gamepad.obj' is imported by 'inputclass.obj' in function '"private: void __thiscall InputClass::ReadControllerXBOX(enum GAMEPAD_DEVICE)" (?ReadControllerXBOX@InputClass@@AAEXW4GAMEPAD_DEVICE@@@Z)'
LINK : warning LNK4217: symbol '_GamepadTriggerLength' defined in 'gamepad.obj' is imported by 'inputclass.obj' in function '"private: void __thiscall InputClass::ReadControllerXBOX(enum GAMEPAD_DEVICE)" (?ReadControllerXBOX@InputClass@@AAEXW4GAMEPAD_DEVICE@@@Z)'
LINK : warning LNK4217: symbol '_GamepadStickNormXY' defined in 'gamepad.obj' is imported by 'inputclass.obj' in function '"private: void __thiscall InputClass::ReadControllerXBOX(enum GAMEPAD_DEVICE)" (?ReadControllerXBOX@InputClass@@AAEXW4GAMEPAD_DEVICE@@@Z)'
  GCI Plantilla 1.0 .vcxproj -> F:\GRAFICAS_COMPUTACIONALES\GCI Plantilla 1.2\GCI Plantilla 1.2\Debug\GCI Plantilla 1.0.exe
